<?xml version="1.0" encoding="UTF-8"?>
<!-- Generated by org.testng.reporters.JUnitXMLReporter -->
<testsuite ignored="0" hostname="DESKTOP-VG2BT5E" failures="0" tests="8" name="Test" time="24.978" errors="0" timestamp="2023-12-31T23:15:37 PKT">
  <testcase classname="First.LoginPage" name="basePageNavigation" time="0.017"/>
  <testcase classname="First.LoginPage" name="Verify_Page_Header_Text" time="0.162"/>
  <testcase classname="First.LoginPage" name="C_Login_With_ValidData" time="0.575"/>
  <testcase classname="First.DataDrivenTestingofLoginPage" name="Login_With_All_users_And_verifyLogin_functionalitya" time="2.379"/>
  <testcase classname="First.DataDrivenTestingofLoginPage" name="Login_With_All_users_And_verifyLogin_functionalitya" time="0.627"/>
  <testcase classname="First.DataDrivenTestingofLoginPage" name="Login_With_All_users_And_verifyLogin_functionalitya" time="0.579"/>
  <testcase classname="First.DataDrivenTestingofLoginPage" name="Login_With_All_users_And_verifyLogin_functionalitya" time="5.648"/>
  <testcase classname="First.DataDrivenTestingofLoginPage" name="Login_With_All_users_And_verifyLogin_functionalitya" time="0.75"/>
</testsuite> <!-- Test -->
