<?xml version="1.0" encoding="UTF-8"?>
<!-- Generated by org.testng.reporters.JUnitXMLReporter -->
<testsuite ignored="0" hostname="DESKTOP-VG2BT5E" failures="0" tests="3" name="Verifying all the Login Test Cases" time="10.321" errors="0" timestamp="2024-01-03T00:42:02 PKT">
  <testcase classname="First.LoginPage" name="basePageNavigation" time="0.05"/>
  <testcase classname="First.LoginPage" name="Verify_Page_Header_Text" time="0.341"/>
  <testcase classname="First.LoginPage" name="Login_With_ValidData" time="0.802"/>
</testsuite> <!-- Verifying all the Login Test Cases -->
